-------------------------------------------------------------------------------
Test set: com.anuradha.CRUD_Operation.CrudOperationApplicationTests
-------------------------------------------------------------------------------
Tests run: 1, Failures: 0, Errors: 1, Skipped: 0, Time elapsed: 0.314 s <<< FAILURE! - in com.anuradha.CRUD_Operation.CrudOperationApplicationTests
com.anuradha.CRUD_Operation.CrudOperationApplicationTests  Time elapsed: 0.312 s  <<< ERROR!
java.lang.IllegalStateException: Unable to find a @SpringBootConfiguration, you need to use @ContextConfiguration or @SpringBootTest(classes=...) with your test

